<?xml version="1.0" encoding="UTF-8"?>
<!-- Generated by org.testng.reporters.JUnitReportReporter -->
<testsuite hostname="NarasingG-QA" failures="0" tests="2" name="API_TestCases.Redeem_Details" time="3.846" errors="0" timestamp="2024-01-09T00:33:01 IST" skipped="0">
  <testcase classname="API_TestCases.Redeem_Details" name="generateOTP" time="0.612"/>
  <testcase classname="API_TestCases.Redeem_Details" name="redeemdetails" time="3.234"/>
</testsuite> <!-- API_TestCases.Redeem_Details -->
