<?xml version="1.0" encoding="UTF-8"?>
<!-- Generated by org.testng.reporters.JUnitReportReporter -->
<testsuite hostname="NarasingG-QA" failures="0" tests="2" name="API_TestCases.Login_With_OTP" time="3.593" errors="0" timestamp="2024-01-08T22:14:14 IST" skipped="0">
  <testcase classname="API_TestCases.Login_With_OTP" name="generateOTP" time="2.096"/>
  <testcase classname="API_TestCases.Login_With_OTP" name="enterOTP" time="1.497"/>
</testsuite> <!-- API_TestCases.Login_With_OTP -->
