<?xml version="1.0" encoding="UTF-8"?>
<!-- Generated by org.testng.reporters.JUnitReportReporter -->
<testsuite hostname="NarasingG-QA" failures="0" tests="1" name="API_TestCases.Enter_OTP" time="1.914" errors="0" timestamp="2023-12-08T23:40:40 IST" skipped="0">
  <testcase classname="API_TestCases.Enter_OTP" name="enterOTP" time="1.914"/>
</testsuite> <!-- API_TestCases.Enter_OTP -->
