<?xml version="1.0" encoding="UTF-8"?>
<!-- Generated by org.testng.reporters.JUnitReportReporter -->
<testsuite hostname="NarasingG-QA" failures="0" tests="3" name="API_TestCases.Login_With_Password" time="14.649" errors="0" timestamp="2024-01-09T01:31:30 IST" skipped="0">
  <testcase classname="API_TestCases.Login_With_Password" name="generateOTP" time="7.472"/>
  <testcase classname="API_TestCases.Login_With_Password" name="SetPassword" time="3.150"/>
  <testcase classname="API_TestCases.Login_With_Password" name="LoginbyPassword" time="4.027"/>
</testsuite> <!-- API_TestCases.Login_With_Password -->
