<?xml version="1.0" encoding="UTF-8"?>
<!-- Generated by org.testng.reporters.JUnitReportReporter -->
<testsuite hostname="NarasingG-QA" failures="0" tests="1" name="API_TestCases.Place_Redeem" time="2.791" errors="0" timestamp="2023-12-29T12:55:56 IST" skipped="0">
  <testcase classname="API_TestCases.Place_Redeem" name="placeredeem" time="2.791"/>
</testsuite> <!-- API_TestCases.Place_Redeem -->
