<?xml version="1.0" encoding="UTF-8"?>
<!-- Generated by org.testng.reporters.JUnitReportReporter -->
<testsuite hostname="NarasingG-QA" failures="0" tests="2" name="API_TestCases.Add_UPI" time="0.775" errors="0" timestamp="2024-01-09T00:33:01 IST" skipped="0">
  <testcase classname="API_TestCases.Add_UPI" name="generateOTP" time="0.487"/>
  <testcase classname="API_TestCases.Add_UPI" name="addupi" time="0.288"/>
</testsuite> <!-- API_TestCases.Add_UPI -->
