<?xml version="1.0" encoding="UTF-8"?>
<!-- Generated by org.testng.reporters.JUnitReportReporter -->
<testsuite hostname="NarasingG-QA" failures="0" tests="2" name="API_TestCases.Remove_Wallet" time="3.851" errors="0" timestamp="2024-01-08T22:19:07 IST" skipped="0">
  <testcase classname="API_TestCases.Remove_Wallet" name="generateOTP" time="2.795"/>
  <testcase classname="API_TestCases.Remove_Wallet" name="removewallet" time="1.056"/>
</testsuite> <!-- API_TestCases.Remove_Wallet -->
