<?xml version="1.0" encoding="UTF-8"?>
<!-- Generated by org.testng.reporters.JUnitReportReporter -->
<testsuite hostname="NarasingG-QA" failures="0" tests="2" name="API_TestCases.Remove_Wallet" time="4.458" errors="0" timestamp="2024-01-09T00:33:01 IST" skipped="0">
  <testcase classname="API_TestCases.Remove_Wallet" name="generateOTP" time="0.517"/>
  <testcase classname="API_TestCases.Remove_Wallet" name="removewallet" time="3.941"/>
</testsuite> <!-- API_TestCases.Remove_Wallet -->
