<?xml version="1.0" encoding="UTF-8"?>
<!-- Generated by org.testng.reporters.JUnitReportReporter -->
<testsuite hostname="NarasingG-QA" failures="0" tests="2" name="API_TestCases.Add_UPI" time="3.697" errors="0" timestamp="2024-01-08T22:21:58 IST" skipped="0">
  <testcase classname="API_TestCases.Add_UPI" name="generateOTP" time="3.265"/>
  <testcase classname="API_TestCases.Add_UPI" name="addupi" time="0.432"/>
</testsuite> <!-- API_TestCases.Add_UPI -->
