<?xml version="1.0" encoding="UTF-8"?>
<!-- Generated by org.testng.reporters.JUnitReportReporter -->
<testsuite hostname="NarasingG-QA" failures="0" tests="1" name="API_TestCases.Testsample" time="6.427" errors="0" timestamp="2024-01-09T01:02:12 IST" skipped="0">
  <testcase classname="API_TestCases.Testsample" name="test1" time="6.427"/>
</testsuite> <!-- API_TestCases.Testsample -->
