<?xml version="1.0" encoding="UTF-8"?>
<!-- Generated by org.testng.reporters.JUnitReportReporter -->
<testsuite hostname="NarasingG-QA" failures="0" tests="2" name="API_TestCases.Login_With_OTP" time="3.553" errors="0" timestamp="2023-12-12T22:15:06 IST" skipped="0">
  <testcase classname="API_TestCases.Login_With_OTP" name="generateOTP" time="2.192"/>
  <testcase classname="API_TestCases.Login_With_OTP" name="enterOTP" time="1.361"/>
</testsuite> <!-- API_TestCases.Login_With_OTP -->
