<?xml version="1.0" encoding="UTF-8"?>
<!-- Generated by org.testng.reporters.JUnitReportReporter -->
<testsuite hostname="NarasingG-QA" failures="0" tests="1" name="API_TestCases.Login_With_Password" time="1.648" errors="0" timestamp="2023-12-13T01:22:07 IST" skipped="0">
  <testcase classname="API_TestCases.Login_With_Password" name="loginpassword" time="1.648"/>
</testsuite> <!-- API_TestCases.Login_With_Password -->
