<?xml version="1.0" encoding="UTF-8"?>
<!-- Generated by org.testng.reporters.JUnitReportReporter -->
<testsuite hostname="NarasingG-QA" failures="0" tests="2" name="API_TestCases.Add_Wallet" time="3.242" errors="0" timestamp="2024-01-08T22:19:17 IST" skipped="0">
  <testcase classname="API_TestCases.Add_Wallet" name="generateOTP" time="2.609"/>
  <testcase classname="API_TestCases.Add_Wallet" name="paytmwallet" time="0.633"/>
</testsuite> <!-- API_TestCases.Add_Wallet -->
