<?xml version="1.0" encoding="UTF-8"?>
<!-- Generated by org.testng.reporters.JUnitReportReporter -->
<testsuite hostname="NarasingG-QA" failures="0" tests="3" name="API_TestCases.Place_Redeem" time="6.484" errors="0" timestamp="2024-01-09T00:33:01 IST" skipped="0">
  <testcase classname="API_TestCases.Place_Redeem" name="emialverification" time="2.824"/>
  <testcase classname="API_TestCases.Place_Redeem" name="generateOTP" time="0.488"/>
  <testcase classname="API_TestCases.Place_Redeem" name="placeredeem" time="3.172"/>
</testsuite> <!-- API_TestCases.Place_Redeem -->
