<?xml version="1.0" encoding="UTF-8"?>
<!-- Generated by org.testng.reporters.JUnitReportReporter -->
<testsuite hostname="NarasingG-QA" failures="0" tests="1" name="API_TestCases.Remove_UPI" time="3.059" errors="0" timestamp="2023-12-29T12:55:56 IST" skipped="0">
  <testcase classname="API_TestCases.Remove_UPI" name="removeupi" time="3.059"/>
</testsuite> <!-- API_TestCases.Remove_UPI -->
