<?xml version="1.0" encoding="UTF-8"?>
<!-- Generated by org.testng.reporters.JUnitReportReporter -->
<testsuite hostname="NarasingG-QA" failures="0" tests="2" name="API_TestCases.Login_With_OTP" time="0.774" errors="0" timestamp="2024-01-09T00:33:01 IST" skipped="0">
  <testcase classname="API_TestCases.Login_With_OTP" name="generateOTP" time="0.173"/>
  <testcase classname="API_TestCases.Login_With_OTP" name="enterOTP" time="0.601"/>
</testsuite> <!-- API_TestCases.Login_With_OTP -->
