<?xml version="1.0" encoding="UTF-8"?>
<!-- Generated by org.testng.reporters.JUnitReportReporter -->
<testsuite hostname="NarasingG-QA" failures="0" tests="1" name="API_TestCases.Remove_Wallet" time="3.381" errors="0" timestamp="2023-12-12T22:15:06 IST" skipped="0">
  <testcase classname="API_TestCases.Remove_Wallet" name="removewallet" time="3.381"/>
</testsuite> <!-- API_TestCases.Remove_Wallet -->
