<?xml version="1.0" encoding="UTF-8"?>
<!-- Generated by org.testng.reporters.JUnitReportReporter -->
<testsuite hostname="NarasingG-QA" failures="0" tests="3" name="API_TestCases.Login" time="3.297" errors="0" timestamp="2023-12-20T00:17:16 IST" skipped="0">
  <testcase classname="API_TestCases.Login" name="login" time="2.288"/>
  <testcase classname="API_TestCases.Login" name="Login1" time="0.726"/>
  <testcase classname="API_TestCases.Login" name="add" time="0.283"/>
</testsuite> <!-- API_TestCases.Login -->
