<?xml version="1.0" encoding="UTF-8"?>
<!-- Generated by org.testng.reporters.JUnitReportReporter -->
<testsuite hostname="NarasingG-QA" failures="0" tests="1" name="API_TestCases.Add_UPI" time="3.219" errors="0" timestamp="2023-12-12T22:15:06 IST" skipped="0">
  <testcase classname="API_TestCases.Add_UPI" name="addupi" time="3.219"/>
</testsuite> <!-- API_TestCases.Add_UPI -->
