<?xml version="1.0" encoding="UTF-8"?>
<!-- Generated by org.testng.reporters.JUnitReportReporter -->
<testsuite hostname="NarasingG-QA" failures="0" tests="3" name="API_TestCases.Add_Wallet" time="11.278" errors="0" timestamp="2024-01-09T00:33:01 IST" skipped="0">
  <testcase classname="API_TestCases.Add_Wallet" name="generateOTP" time="6.753"/>
  <testcase classname="API_TestCases.Add_Wallet" name="paytmwallet" time="4.282"/>
  <testcase classname="API_TestCases.Add_Wallet" name="paytmwalletsame" time="0.243"/>
</testsuite> <!-- API_TestCases.Add_Wallet -->
